<?xml version="1.0" encoding="UTF-8"?>
<robot generator="Robot 6.0.1 (Python 3.11.0 on darwin)" generated="20221203 17:48:02.437" rpa="false" schemaversion="3">
<suite id="s1" name="Test" source="/Users/home/Desktop/AutomateTest/test.robot">
<test id="s1-t1" name="Verify_Add_To_Completed" line="10">
<kw name="Open Browser" library="Selenium2Library">
<arg>https://abhigyank.github.io/To-Do-List/</arg>
<arg>gc</arg>
<doc>Opens a new browser instance to the optional ``url``.</doc>
<msg timestamp="20221203 17:48:02.577" level="INFO">Opening browser 'gc' to base url 'https://abhigyank.github.io/To-Do-List/'.</msg>
<status status="PASS" starttime="20221203 17:48:02.577" endtime="20221203 17:48:05.310"/>
</kw>
<kw name="Wait Until Page Contains" library="Selenium2Library">
<arg>To Do List</arg>
<arg>5s</arg>
<doc>Waits until ``text`` appears on the current page.</doc>
<status status="PASS" starttime="20221203 17:48:05.310" endtime="20221203 17:48:05.323"/>
</kw>
<kw name="Wait Until Element Is Visible" library="Selenium2Library">
<arg>//*[@id="new-task"]</arg>
<arg>5s</arg>
<doc>Waits until the element ``locator`` is visible.</doc>
<status status="PASS" starttime="20221203 17:48:05.324" endtime="20221203 17:48:05.346"/>
</kw>
<kw name="Input Text" library="Selenium2Library">
<arg>//*[@id="new-task"]</arg>
<arg>Test1</arg>
<doc>Types the given ``text`` into the text field identified by ``locator``.</doc>
<msg timestamp="20221203 17:48:05.347" level="INFO">Typing text 'Test1' into text field '//*[@id="new-task"]'.</msg>
<status status="PASS" starttime="20221203 17:48:05.347" endtime="20221203 17:48:05.459"/>
</kw>
<kw name="Capture Page Screenshot" library="Selenium2Library">
<arg>addList.png</arg>
<doc>Takes a screenshot of the current page and embeds it into a log file.</doc>
<msg timestamp="20221203 17:48:05.665" level="INFO" html="true">&lt;/td&gt;&lt;/tr&gt;&lt;tr&gt;&lt;td colspan="3"&gt;&lt;a href="addList.png"&gt;&lt;img src="addList.png" width="800px"&gt;&lt;/a&gt;</msg>
<status status="PASS" starttime="20221203 17:48:05.460" endtime="20221203 17:48:05.666"/>
</kw>
<kw name="Wait Until Element Is Visible" library="Selenium2Library">
<arg>//*[@href="#add-item"]</arg>
<arg>5s</arg>
<doc>Waits until the element ``locator`` is visible.</doc>
<status status="PASS" starttime="20221203 17:48:05.666" endtime="20221203 17:48:05.683"/>
</kw>
<kw name="Click Element" library="Selenium2Library">
<arg>//*[@id="add-item"]/button/i</arg>
<doc>Click the element identified by ``locator``.</doc>
<msg timestamp="20221203 17:48:05.684" level="INFO">Clicking element '//*[@id="add-item"]/button/i'.</msg>
<status status="PASS" starttime="20221203 17:48:05.684" endtime="20221203 17:48:05.720"/>
</kw>
<kw name="Wait Until Element Is Visible" library="Selenium2Library">
<arg>//*[@href="#todo"]</arg>
<arg>5s</arg>
<doc>Waits until the element ``locator`` is visible.</doc>
<status status="PASS" starttime="20221203 17:48:05.720" endtime="20221203 17:48:05.759"/>
</kw>
<kw name="Click Element" library="Selenium2Library">
<arg>//*[@href="#todo"]</arg>
<doc>Click the element identified by ``locator``.</doc>
<msg timestamp="20221203 17:48:05.760" level="INFO">Clicking element '//*[@href="#todo"]'.</msg>
<status status="PASS" starttime="20221203 17:48:05.760" endtime="20221203 17:48:05.794"/>
</kw>
<kw name="Wait Until Page Contains" library="Selenium2Library">
<arg>Test1</arg>
<arg>5s</arg>
<doc>Waits until ``text`` appears on the current page.</doc>
<status status="PASS" starttime="20221203 17:48:05.795" endtime="20221203 17:48:05.804"/>
</kw>
<kw name="Capture Page Screenshot" library="Selenium2Library">
<arg>checkList.png</arg>
<doc>Takes a screenshot of the current page and embeds it into a log file.</doc>
<msg timestamp="20221203 17:48:06.120" level="INFO" html="true">&lt;/td&gt;&lt;/tr&gt;&lt;tr&gt;&lt;td colspan="3"&gt;&lt;a href="checkList.png"&gt;&lt;img src="checkList.png" width="800px"&gt;&lt;/a&gt;</msg>
<status status="PASS" starttime="20221203 17:48:05.804" endtime="20221203 17:48:06.120"/>
</kw>
<kw name="Wait Until Element Is Visible" library="Selenium2Library">
<arg>//*[@id="incomplete-tasks"]/li/label</arg>
<arg>5s</arg>
<doc>Waits until the element ``locator`` is visible.</doc>
<status status="PASS" starttime="20221203 17:48:06.121" endtime="20221203 17:48:06.147"/>
</kw>
<kw name="Click Element" library="Selenium2Library">
<arg>//*[@id="incomplete-tasks"]/li/label</arg>
<doc>Click the element identified by ``locator``.</doc>
<msg timestamp="20221203 17:48:06.147" level="INFO">Clicking element '//*[@id="incomplete-tasks"]/li/label'.</msg>
<status status="PASS" starttime="20221203 17:48:06.147" endtime="20221203 17:48:06.176"/>
</kw>
<kw name="Wait Until Element Is Visible" library="Selenium2Library">
<arg>//*[@href="#completed"]</arg>
<arg>5s</arg>
<doc>Waits until the element ``locator`` is visible.</doc>
<status status="PASS" starttime="20221203 17:48:06.177" endtime="20221203 17:48:06.191"/>
</kw>
<kw name="Click Element" library="Selenium2Library">
<arg>//*[@href="#completed"]</arg>
<doc>Click the element identified by ``locator``.</doc>
<msg timestamp="20221203 17:48:06.192" level="INFO">Clicking element '//*[@href="#completed"]'.</msg>
<status status="PASS" starttime="20221203 17:48:06.191" endtime="20221203 17:48:06.218"/>
</kw>
<kw name="Wait Until Page Contains" library="Selenium2Library">
<arg>Test1</arg>
<arg>5s</arg>
<doc>Waits until ``text`` appears on the current page.</doc>
<status status="PASS" starttime="20221203 17:48:06.218" endtime="20221203 17:48:06.227"/>
</kw>
<kw name="Capture Page Screenshot" library="Selenium2Library">
<arg>ListCompleted.png</arg>
<doc>Takes a screenshot of the current page and embeds it into a log file.</doc>
<msg timestamp="20221203 17:48:06.466" level="INFO" html="true">&lt;/td&gt;&lt;/tr&gt;&lt;tr&gt;&lt;td colspan="3"&gt;&lt;a href="ListCompleted.png"&gt;&lt;img src="ListCompleted.png" width="800px"&gt;&lt;/a&gt;</msg>
<status status="PASS" starttime="20221203 17:48:06.227" endtime="20221203 17:48:06.466"/>
</kw>
<kw name="Close All Browsers" library="Selenium2Library">
<doc>Closes all open browsers and resets the browser cache.</doc>
<status status="PASS" starttime="20221203 17:48:06.466" endtime="20221203 17:48:06.539"/>
</kw>
<tag>positive</tag>
<status status="PASS" starttime="20221203 17:48:02.576" endtime="20221203 17:48:06.539"/>
</test>
<test id="s1-t2" name="Verify_Add_To_Deleted" line="35">
<kw name="Open Browser" library="Selenium2Library">
<arg>https://abhigyank.github.io/To-Do-List/</arg>
<arg>gc</arg>
<doc>Opens a new browser instance to the optional ``url``.</doc>
<msg timestamp="20221203 17:48:06.541" level="INFO">Opening browser 'gc' to base url 'https://abhigyank.github.io/To-Do-List/'.</msg>
<status status="PASS" starttime="20221203 17:48:06.540" endtime="20221203 17:48:09.130"/>
</kw>
<kw name="Wait Until Page Contains" library="Selenium2Library">
<arg>To Do List</arg>
<arg>5s</arg>
<doc>Waits until ``text`` appears on the current page.</doc>
<status status="PASS" starttime="20221203 17:48:09.131" endtime="20221203 17:48:09.143"/>
</kw>
<kw name="Wait Until Element Is Visible" library="Selenium2Library">
<arg>//*[@id="new-task"]</arg>
<arg>5s</arg>
<doc>Waits until the element ``locator`` is visible.</doc>
<status status="PASS" starttime="20221203 17:48:09.144" endtime="20221203 17:48:09.168"/>
</kw>
<kw name="Input Text" library="Selenium2Library">
<arg>//*[@id="new-task"]</arg>
<arg>Test2</arg>
<doc>Types the given ``text`` into the text field identified by ``locator``.</doc>
<msg timestamp="20221203 17:48:09.168" level="INFO">Typing text 'Test2' into text field '//*[@id="new-task"]'.</msg>
<status status="PASS" starttime="20221203 17:48:09.168" endtime="20221203 17:48:09.276"/>
</kw>
<kw name="Capture Page Screenshot" library="Selenium2Library">
<arg>addList.png</arg>
<doc>Takes a screenshot of the current page and embeds it into a log file.</doc>
<msg timestamp="20221203 17:48:09.486" level="INFO" html="true">&lt;/td&gt;&lt;/tr&gt;&lt;tr&gt;&lt;td colspan="3"&gt;&lt;a href="addList.png"&gt;&lt;img src="addList.png" width="800px"&gt;&lt;/a&gt;</msg>
<status status="PASS" starttime="20221203 17:48:09.276" endtime="20221203 17:48:09.486"/>
</kw>
<kw name="Wait Until Element Is Visible" library="Selenium2Library">
<arg>//*[@href="#add-item"]</arg>
<arg>5s</arg>
<doc>Waits until the element ``locator`` is visible.</doc>
<status status="PASS" starttime="20221203 17:48:09.486" endtime="20221203 17:48:09.503"/>
</kw>
<kw name="Click Element" library="Selenium2Library">
<arg>//*[@id="add-item"]/button/i</arg>
<doc>Click the element identified by ``locator``.</doc>
<msg timestamp="20221203 17:48:09.504" level="INFO">Clicking element '//*[@id="add-item"]/button/i'.</msg>
<status status="PASS" starttime="20221203 17:48:09.504" endtime="20221203 17:48:09.559"/>
</kw>
<kw name="Wait Until Element Is Visible" library="Selenium2Library">
<arg>//*[@href="#todo"]</arg>
<arg>5s</arg>
<doc>Waits until the element ``locator`` is visible.</doc>
<status status="PASS" starttime="20221203 17:48:09.559" endtime="20221203 17:48:09.574"/>
</kw>
<kw name="Click Element" library="Selenium2Library">
<arg>//*[@href="#todo"]</arg>
<doc>Click the element identified by ``locator``.</doc>
<msg timestamp="20221203 17:48:09.574" level="INFO">Clicking element '//*[@href="#todo"]'.</msg>
<status status="PASS" starttime="20221203 17:48:09.574" endtime="20221203 17:48:09.609"/>
</kw>
<kw name="Wait Until Page Contains" library="Selenium2Library">
<arg>Test2</arg>
<arg>5s</arg>
<doc>Waits until ``text`` appears on the current page.</doc>
<status status="PASS" starttime="20221203 17:48:09.609" endtime="20221203 17:48:09.618"/>
</kw>
<kw name="Capture Page Screenshot" library="Selenium2Library">
<arg>checkList.png</arg>
<doc>Takes a screenshot of the current page and embeds it into a log file.</doc>
<msg timestamp="20221203 17:48:09.898" level="INFO" html="true">&lt;/td&gt;&lt;/tr&gt;&lt;tr&gt;&lt;td colspan="3"&gt;&lt;a href="checkList.png"&gt;&lt;img src="checkList.png" width="800px"&gt;&lt;/a&gt;</msg>
<status status="PASS" starttime="20221203 17:48:09.618" endtime="20221203 17:48:09.898"/>
</kw>
<kw name="Wait Until Element Is Visible" library="Selenium2Library">
<arg>//*[@class="mdl-button mdl-js-button mdl-js-ripple-effect delete"]</arg>
<arg>5s</arg>
<doc>Waits until the element ``locator`` is visible.</doc>
<status status="PASS" starttime="20221203 17:48:09.898" endtime="20221203 17:48:09.912"/>
</kw>
<kw name="Click Element" library="Selenium2Library">
<arg>//*[@class="mdl-button mdl-js-button mdl-js-ripple-effect delete"]</arg>
<doc>Click the element identified by ``locator``.</doc>
<msg timestamp="20221203 17:48:09.913" level="INFO">Clicking element '//*[@class="mdl-button mdl-js-button mdl-js-ripple-effect delete"]'.</msg>
<status status="PASS" starttime="20221203 17:48:09.912" endtime="20221203 17:48:09.939"/>
</kw>
<kw name="Wait Until Element Is Visible" library="Selenium2Library">
<arg>//*[@href="#completed"]</arg>
<arg>5s</arg>
<doc>Waits until the element ``locator`` is visible.</doc>
<status status="PASS" starttime="20221203 17:48:09.939" endtime="20221203 17:48:09.954"/>
</kw>
<kw name="Click Element" library="Selenium2Library">
<arg>//*[@href="#completed"]</arg>
<doc>Click the element identified by ``locator``.</doc>
<msg timestamp="20221203 17:48:09.955" level="INFO">Clicking element '//*[@href="#completed"]'.</msg>
<status status="PASS" starttime="20221203 17:48:09.954" endtime="20221203 17:48:09.981"/>
</kw>
<kw name="Wait Until Page Does Not Contain" library="Selenium2Library">
<arg>Test2</arg>
<arg>5s</arg>
<doc>Waits until ``text`` disappears from the current page.</doc>
<status status="PASS" starttime="20221203 17:48:09.981" endtime="20221203 17:48:09.986"/>
</kw>
<kw name="Capture Page Screenshot" library="Selenium2Library">
<arg>ListDeleted.png</arg>
<doc>Takes a screenshot of the current page and embeds it into a log file.</doc>
<msg timestamp="20221203 17:48:10.226" level="INFO" html="true">&lt;/td&gt;&lt;/tr&gt;&lt;tr&gt;&lt;td colspan="3"&gt;&lt;a href="ListDeleted.png"&gt;&lt;img src="ListDeleted.png" width="800px"&gt;&lt;/a&gt;</msg>
<status status="PASS" starttime="20221203 17:48:09.986" endtime="20221203 17:48:10.226"/>
</kw>
<kw name="Close All Browsers" library="Selenium2Library">
<doc>Closes all open browsers and resets the browser cache.</doc>
<status status="PASS" starttime="20221203 17:48:10.226" endtime="20221203 17:48:10.295"/>
</kw>
<tag>positive</tag>
<status status="PASS" starttime="20221203 17:48:06.540" endtime="20221203 17:48:10.295"/>
</test>
<doc>A test suite for valid login.

Keywords are imported from the resource file</doc>
<status status="PASS" starttime="20221203 17:48:02.439" endtime="20221203 17:48:10.296"/>
</suite>
<statistics>
<total>
<stat pass="2" fail="0" skip="0">All Tests</stat>
</total>
<tag>
<stat pass="2" fail="0" skip="0">positive</stat>
</tag>
<suite>
<stat pass="2" fail="0" skip="0" id="s1" name="Test">Test</stat>
</suite>
</statistics>
<errors>
<msg timestamp="20221203 17:48:02.575" level="ERROR">Error in file '/Users/home/Desktop/AutomateTest/test.robot' on line 6: Resource file 'keywords.resource' does not exist.</msg>
</errors>
</robot>
